#
# A fatal error has been detected by the Java Runtime Environment:
#
#  SIGSEGV (0xb) at pc=0x00000001076823a8, pid=614, tid=9731
#
# JRE version: 7.0_17-b02
# Java VM: Java HotSpot(TM) 64-Bit Server VM (23.7-b01 mixed mode bsd-amd64 compressed oops)
# Problematic frame:
# V  [libjvm.dylib+0x7d3a8]
#
# Failed to write core dump. Core dumps have been disabled. To enable core dumping, try "ulimit -c unlimited" before starting Java again
#
# If you would like to submit a bug report, please visit:
#   http://bugreport.sun.com/bugreport/crash.jsp
#

---------------  T H R E A D  ---------------

Current thread (0x00007f8f5d002800):  VMThread [stack: 0x000000010c107000,0x000000010c207000] [id=9731]

siginfo:si_signo=SIGSEGV: si_errno=0, si_code=1 (SEGV_MAPERR), si_addr=0x00000000000000b0

Registers:
RAX=0x0000000000000000, RBX=0x00000007f8b4cae0, RCX=0x0000000107d32903, RDX=0x0000000107cb7560
RSP=0x000000010c206730, RBP=0x000000010c206750, RSI=0x0000000000000000, RDI=0x0000000000000000
R8 =0x0000000000000002, R9 =0x000000000000000b, R10=0x00007f8f5d800000, R11=0x0000000000000100
R12=0x0000000107cb7560, R13=0x00000007f0b4f890, R14=0x0000000107d339c0, R15=0x0000000107d32990
RIP=0x00000001076823a8, EFLAGS=0x0000000000010246, ERR=0x0000000000000004
  TRAPNO=0x000000000000000e

Top of Stack: (sp=0x000000010c206730)
0x000000010c206730:   00007f8f5b702e40 0000000000000003
0x000000010c206740:   00000007f0b4f890 0000000107d339c0
0x000000010c206750:   000000010c206770 000000010798df04
0x000000010c206760:   000000010c206788 000000010c206788
0x000000010c206770:   000000010c2067c0 0000000107960a90
0x000000010c206780:   0000000107d33b60 0000000000000002
0x000000010c206790:   000000010c2067c0 00000007d002c4d0
0x000000010c2067a0:   0000000000000001 00007f8f5b605a30
0x000000010c2067b0:   0000000107d33b60 0000000000000002
0x000000010c2067c0:   000000010c2067e0 0000000107961996
0x000000010c2067d0:   0000000000000003 0000000000000000
0x000000010c2067e0:   000000010c206810 0000000107a8c383
0x000000010c2067f0:   000000010c206868 0000000000000001
0x000000010c206800:   0000000107d33b60 0000000000000002
0x000000010c206810:   000000010c206850 0000000107a09851
0x000000010c206820:   000000010c206801 0000000000000000
0x000000010c206830:   00007f8f5b605a30 0000000004000000
0x000000010c206840:   0000000107d33b60 0000000000000001
0x000000010c206850:   000000010c2068b0 000000010782d5ef
0x000000010c206860:   0000000107d33b60 0000000107d21d00
0x000000010c206870:   000000010c206800 0000000107d33b60
0x000000010c206880:   00000001081f5f01 0000000000000000
0x000000010c206890:   00007f8f5b605a30 0000000004000000
0x000000010c2068a0:   0000000000000001 0000000000000001
0x000000010c2068b0:   000000010c206920 000000010782f4ba
0x000000010c2068c0:   0000000107d33b60 0000000700000001
0x000000010c2068d0:   0000000107d33b60 0000000000000000
0x000000010c2068e0:   00007f8f5b010100 0000000000000000
0x000000010c2068f0:   0000000003ebd6e8 0000000000000000
0x000000010c206900:   000000010c206920 00007f8f5b5005a0
0x000000010c206910:   0000000000000000 0000000003ebd6e8
0x000000010c206920:   000000010c206980 000000010782efe9 

Instructions: (pc=0x00000001076823a8)
0x0000000107682388:   6b 00 80 39 00 74 15 48 8d 15 ca 51 63 00 8a 4a
0x0000000107682398:   08 8b 7b 08 48 d3 e7 48 03 3a eb 04 48 8b 7b 08
0x00000001076823a8:   48 8b 8f b0 00 00 00 48 83 e1 07 48 83 f9 05 74
0x00000001076823b8:   1a 48 83 f8 01 75 14 48 b8 00 ff ff ff 7f 00 00 

Register to memory mapping:

RAX=0x0000000000000000 is an unknown value
RBX=0x00000007f8b4cae0 is an unallocated location in the heap
RCX=0x0000000107d32903: G1ConcRefinementThreads+0x3 in /Library/Java/JavaVirtualMachines/jdk1.7.0_17.jdk/Contents/Home/jre/lib/server/libjvm.dylib at 0x0000000107605000
RDX=0x0000000107cb7560: _ZN8Universe11_narrow_oopE+0 in /Library/Java/JavaVirtualMachines/jdk1.7.0_17.jdk/Contents/Home/jre/lib/server/libjvm.dylib at 0x0000000107605000
RSP=0x000000010c206730 is an unknown value
RBP=0x000000010c206750 is an unknown value
RSI=0x0000000000000000 is an unknown value
RDI=0x0000000000000000 is an unknown value
R8 =0x0000000000000002 is an unknown value
R9 =0x000000000000000b is an unknown value
R10=0x00007f8f5d800000 is an unknown value
R11=0x0000000000000100 is an unknown value
R12=0x0000000107cb7560: _ZN8Universe11_narrow_oopE+0 in /Library/Java/JavaVirtualMachines/jdk1.7.0_17.jdk/Contents/Home/jre/lib/server/libjvm.dylib at 0x0000000107605000
R13=0x00000007f0b4f890 is an oop
{method} 
 - klass: {other class}
R14=0x0000000107d339c0: _ZN9MarkSweep15_objarray_stackE+0 in /Library/Java/JavaVirtualMachines/jdk1.7.0_17.jdk/Contents/Home/jre/lib/server/libjvm.dylib at 0x0000000107605000
R15=0x0000000107d32990: UseCompressedOops+0 in /Library/Java/JavaVirtualMachines/jdk1.7.0_17.jdk/Contents/Home/jre/lib/server/libjvm.dylib at 0x0000000107605000


Stack: [0x000000010c107000,0x000000010c207000],  sp=0x000000010c206730,  free space=1021k
Native frames: (J=compiled Java code, j=interpreted, Vv=VM code, C=native code)
V  [libjvm.dylib+0x7d3a8]
V  [libjvm.dylib+0x388f04]
V  [libjvm.dylib+0x35ba90]
V  [libjvm.dylib+0x35c996]
V  [libjvm.dylib+0x487383]
V  [libjvm.dylib+0x404851]
V  [libjvm.dylib+0x2285ef]
V  [libjvm.dylib+0x22a4ba]
V  [libjvm.dylib+0x229fe9]
V  [libjvm.dylib+0x230a27]
V  [libjvm.dylib+0x228d53]
V  [libjvm.dylib+0x22909e]
V  [libjvm.dylib+0x4a3a1b]
V  [libjvm.dylib+0x4a9f05]
V  [libjvm.dylib+0x4a8c8a]
V  [libjvm.dylib+0x4a9078]
V  [libjvm.dylib+0x4a8a27]
V  [libjvm.dylib+0x3b5191]
C  [libsystem_pthread.dylib+0x1899]  _pthread_body+0x8a
C  [libsystem_pthread.dylib+0x172a]  _pthread_struct_init+0x0
C  [libsystem_pthread.dylib+0x5fc9]  thread_start+0xd

VM_Operation (0x000000010de48898): GenCollectForPermanentAllocation, mode: safepoint, requested by thread 0x00007f8f5f332000


---------------  P R O C E S S  ---------------

Java Threads: ( => current thread )
  0x00007f8f5f0dc000 JavaThread "FileSystemWatcher: files=#90 cl=groovy.lang.GroovyClassLoader@21403f7d" daemon [_thread_blocked, id=17411, stack(0x000000010d8ea000,0x000000010d9ea000)]
  0x00007f8f5f332000 JavaThread "localhost-startStop-1" daemon [_thread_blocked, id=17155, stack(0x000000010dd4f000,0x000000010de4f000)]
  0x00007f8f5c992800 JavaThread "Tomcat-startStop-1" daemon [_thread_blocked, id=16899, stack(0x000000010d6db000,0x000000010d7db000)]
  0x00007f8f5d6b4000 JavaThread "Thread-2" [_thread_in_native, id=16643, stack(0x000000010d5d8000,0x000000010d6d8000)]
  0x00007f8f5b853000 JavaThread "NonBlockingInputStreamThread" daemon [_thread_blocked, id=16387, stack(0x000000010cdd8000,0x000000010ced8000)]
  0x00007f8f5d15d000 JavaThread "process reaper" daemon [_thread_blocked, id=16131, stack(0x000000010cda6000,0x000000010cdce000)]
  0x00007f8f5d0aa000 JavaThread "Service Thread" daemon [_thread_blocked, id=15619, stack(0x000000010ca15000,0x000000010cb15000)]
  0x00007f8f5d0a9000 JavaThread "C2 CompilerThread1" daemon [_thread_blocked, id=15363, stack(0x000000010c912000,0x000000010ca12000)]
  0x00007f8f5b817800 JavaThread "C2 CompilerThread0" daemon [_thread_blocked, id=15107, stack(0x000000010c80f000,0x000000010c90f000)]
  0x00007f8f5b821000 JavaThread "Signal Dispatcher" daemon [_thread_blocked, id=14851, stack(0x000000010c55c000,0x000000010c65c000)]
  0x00007f8f5b810800 JavaThread "Finalizer" daemon [_thread_blocked, id=10243, stack(0x000000010c30d000,0x000000010c40d000)]
  0x00007f8f5b80f800 JavaThread "Reference Handler" daemon [_thread_blocked, id=9987, stack(0x000000010c20a000,0x000000010c30a000)]
  0x00007f8f5c801000 JavaThread "main" [_thread_blocked, id=6403, stack(0x00000001080c3000,0x00000001081c3000)]

Other Threads:
=>0x00007f8f5d002800 VMThread [stack: 0x000000010c107000,0x000000010c207000] [id=9731]
  0x00007f8f5d0b3800 WatcherThread [stack: 0x000000010cb18000,0x000000010cc18000] [id=15875]

VM state:at safepoint (normal execution)

VM Mutex/Monitor currently owned by a thread:  ([mutex/lock_event])
[0x00007f8f5b503d00] Threads_lock - owner thread: 0x00007f8f5d002800
[0x00007f8f5b504200] Heap_lock - owner thread: 0x00007f8f5f332000

Heap
 def new generation   total 22528K, used 19020K [0x00000007c0000000, 0x00000007c1870000, 0x00000007d0000000)
  eden space 20032K,  91% used [0x00000007c0000000, 0x00000007c11d71c8, 0x00000007c1390000)
  from space 2496K,  30% used [0x00000007c1390000, 0x00000007c144be78, 0x00000007c1600000)
  to   space 2496K,   0% used [0x00000007c1600000, 0x00000007c1600000, 0x00000007c1870000)
 tenured generation   total 49984K, used 45225K [0x00000007d0000000, 0x00000007d30d0000, 0x00000007f0000000)
   the space 49984K,  90% used [0x00000007d0000000, 0x00000007d2c2a6a8, 0x00000007d2c2a800, 0x00000007d30d0000)
 compacting perm gen  total 37568K, used 37567K [0x00000007f0000000, 0x00000007f24b0000, 0x0000000800000000)
   the space 37568K,  99% used [0x00000007f0000000, 0x00000007f24affd8, 0x00000007f24b0000, 0x00000007f24b0000)
No shared spaces configured.

Card table byte_map: [0x000000010bb2a000,0x000000010bd2b000] byte_map_base: 0x0000000107d2a000

Polling page: 0x00000001081d2000

Code Cache  [0x0000000108a6a000, 0x0000000108e6a000, 0x000000010ba6a000)
 total_blobs=1209 nmethods=639 adapters=521 free_code_cache=45169Kb largest_free_block=46150976

Compilation events (10 events):
Event: 12.499 Thread 0x00007f8f5b817800 nmethod 676 0x0000000108cd5d10 code [0x0000000108cd5e40, 0x0000000108cd5eb8]
Event: 12.558 Thread 0x00007f8f5b817800  677             java.util.AbstractCollection::addAll (42 bytes)
Event: 12.560 Thread 0x00007f8f5b817800 nmethod 677 0x0000000108dde3d0 code [0x0000000108dde560, 0x0000000108dde718]
Event: 12.568 Thread 0x00007f8f5b817800  678             groovy.lang.MetaProperty::<init> (15 bytes)
Event: 12.568 Thread 0x00007f8f5b817800 nmethod 678 0x0000000108cd5ad0 code [0x0000000108cd5c00, 0x0000000108cd5c98]
Event: 12.629 Thread 0x00007f8f5b817800  679             groovy.lang.MetaClassImpl::addMetaMethodToIndex (65 bytes)
Event: 12.631 Thread 0x00007f8f5d0a9000 nmethod 675 0x0000000108e58e10 code [0x0000000108e59640, 0x0000000108e5fbd8]
Event: 12.632 Thread 0x00007f8f5d0a9000  680             groovy.lang.MetaClassImpl::checkIfStdMethod (179 bytes)
Event: 12.641 Thread 0x00007f8f5b817800 nmethod 679 0x0000000108dc3710 code [0x0000000108dc3a00, 0x0000000108dc4888]
Event: 12.646 Thread 0x00007f8f5d0a9000 nmethod 680 0x0000000108dc1c90 code [0x0000000108dc1f40, 0x0000000108dc2bb8]

GC Heap History (10 events):
Event: 11.987 GC heap after
Heap after GC invocations=169 (full 2):
 def new generation   total 22528K, used 1133K [0x00000007c0000000, 0x00000007c1870000, 0x00000007d0000000)
  eden space 20032K,   0% used [0x00000007c0000000, 0x00000007c0000000, 0x00000007c1390000)
  from space 2496K,  45% used [0x00000007c1390000, 0x00000007c14ab620, 0x00000007c1600000)
  to   space 2496K,   0% used [0x00000007c1600000, 0x00000007c1600000, 0x00000007c1870000)
 tenured generation   total 49984K, used 42557K [0x00000007d0000000, 0x00000007d30d0000, 0x00000007f0000000)
   the space 49984K,  85% used [0x00000007d0000000, 0x00000007d298f590, 0x00000007d298f600, 0x00000007d30d0000)
 compacting perm gen  total 36288K, used 36215K [0x00000007f0000000, 0x00000007f2370000, 0x0000000800000000)
   the space 36288K,  99% used [0x00000007f0000000, 0x00000007f235df70, 0x00000007f235e000, 0x00000007f2370000)
No shared spaces configured.
}
Event: 12.156 GC heap before
{Heap before GC invocations=169 (full 2):
 def new generation   total 22528K, used 21165K [0x00000007c0000000, 0x00000007c1870000, 0x00000007d0000000)
  eden space 20032K, 100% used [0x00000007c0000000, 0x00000007c1390000, 0x00000007c1390000)
  from space 2496K,  45% used [0x00000007c1390000, 0x00000007c14ab620, 0x00000007c1600000)
  to   space 2496K,   0% used [0x00000007c1600000, 0x00000007c1600000, 0x00000007c1870000)
 tenured generation   total 49984K, used 42557K [0x00000007d0000000, 0x00000007d30d0000, 0x00000007f0000000)
   the space 49984K,  85% used [0x00000007d0000000, 0x00000007d298f590, 0x00000007d298f600, 0x00000007d30d0000)
 compacting perm gen  total 36928K, used 36613K [0x00000007f0000000, 0x00000007f2410000, 0x0000000800000000)
   the space 36928K,  99% used [0x00000007f0000000, 0x00000007f23c1410, 0x00000007f23c1600, 0x00000007f2410000)
No shared spaces configured.
Event: 12.162 GC heap after
Heap after GC invocations=170 (full 2):
 def new generation   total 22528K, used 1952K [0x00000007c0000000, 0x00000007c1870000, 0x00000007d0000000)
  eden space 20032K,   0% used [0x00000007c0000000, 0x00000007c0000000, 0x00000007c1390000)
  from space 2496K,  78% used [0x00000007c1600000, 0x00000007c17e82b0, 0x00000007c1870000)
  to   space 2496K,   0% used [0x00000007c1390000, 0x00000007c1390000, 0x00000007c1600000)
 tenured generation   total 49984K, used 42557K [0x00000007d0000000, 0x00000007d30d0000, 0x00000007f0000000)
   the space 49984K,  85% used [0x00000007d0000000, 0x00000007d298f590, 0x00000007d298f600, 0x00000007d30d0000)
 compacting perm gen  total 36928K, used 36613K [0x00000007f0000000, 0x00000007f2410000, 0x0000000800000000)
   the space 36928K,  99% used [0x00000007f0000000, 0x00000007f23c1410, 0x00000007f23c1600, 0x00000007f2410000)
No shared spaces configured.
}
Event: 12.395 GC heap before
{Heap before GC invocations=170 (full 2):
 def new generation   total 22528K, used 21984K [0x00000007c0000000, 0x00000007c1870000, 0x00000007d0000000)
  eden space 20032K, 100% used [0x00000007c0000000, 0x00000007c1390000, 0x00000007c1390000)
  from space 2496K,  78% used [0x00000007c1600000, 0x00000007c17e82b0, 0x00000007c1870000)
  to   space 2496K,   0% used [0x00000007c1390000, 0x00000007c1390000, 0x00000007c1600000)
 tenured generation   total 49984K, used 42557K [0x00000007d0000000, 0x00000007d30d0000, 0x00000007f0000000)
   the space 49984K,  85% used [0x00000007d0000000, 0x00000007d298f590, 0x00000007d298f600, 0x00000007d30d0000)
 compacting perm gen  total 37248K, used 37125K [0x00000007f0000000, 0x00000007f2460000, 0x0000000800000000)
   the space 37248K,  99% used [0x00000007f0000000, 0x00000007f2441460, 0x00000007f2441600, 0x00000007f2460000)
No shared spaces configured.
Event: 12.403 GC heap after
Heap after GC invocations=171 (full 2):
 def new generation   total 22528K, used 1802K [0x00000007c0000000, 0x00000007c1870000, 0x00000007d0000000)
  eden space 20032K,   0% used [0x00000007c0000000, 0x00000007c0000000, 0x00000007c1390000)
  from space 2496K,  72% used [0x00000007c1390000, 0x00000007c15529b0, 0x00000007c1600000)
  to   space 2496K,   0% used [0x00000007c1600000, 0x00000007c1600000, 0x00000007c1870000)
 tenured generation   total 49984K, used 43586K [0x00000007d0000000, 0x00000007d30d0000, 0x00000007f0000000)
   the space 49984K,  87% used [0x00000007d0000000, 0x00000007d2a90820, 0x00000007d2a90a00, 0x00000007d30d0000)
 compacting perm gen  total 37248K, used 37125K [0x00000007f0000000, 0x00000007f2460000, 0x0000000800000000)
   the space 37248K,  99% used [0x00000007f0000000, 0x00000007f2441460, 0x00000007f2441600, 0x00000007f2460000)
No shared spaces configured.
}
Event: 12.543 GC heap before
{Heap before GC invocations=171 (full 2):
 def new generation   total 22528K, used 21834K [0x00000007c0000000, 0x00000007c1870000, 0x00000007d0000000)
  eden space 20032K, 100% used [0x00000007c0000000, 0x00000007c1390000, 0x00000007c1390000)
  from space 2496K,  72% used [0x00000007c1390000, 0x00000007c15529b0, 0x00000007c1600000)
  to   space 2496K,   0% used [0x00000007c1600000, 0x00000007c1600000, 0x00000007c1870000)
 tenured generation   total 49984K, used 43586K [0x00000007d0000000, 0x00000007d30d0000, 0x00000007f0000000)
   the space 49984K,  87% used [0x00000007d0000000, 0x00000007d2a90820, 0x00000007d2a90a00, 0x00000007d30d0000)
 compacting perm gen  total 37568K, used 37397K [0x00000007f0000000, 0x00000007f24b0000, 0x0000000800000000)
   the space 37568K,  99% used [0x00000007f0000000, 0x00000007f2485640, 0x00000007f2485800, 0x00000007f24b0000)
No shared spaces configured.
Event: 12.552 GC heap after
Heap after GC invocations=172 (full 2):
 def new generation   total 22528K, used 1503K [0x00000007c0000000, 0x00000007c1870000, 0x00000007d0000000)
  eden space 20032K,   0% used [0x00000007c0000000, 0x00000007c0000000, 0x00000007c1390000)
  from space 2496K,  60% used [0x00000007c1600000, 0x00000007c1777ce8, 0x00000007c1870000)
  to   space 2496K,   0% used [0x00000007c1390000, 0x00000007c1390000, 0x00000007c1600000)
 tenured generation   total 49984K, used 44278K [0x00000007d0000000, 0x00000007d30d0000, 0x00000007f0000000)
   the space 49984K,  88% used [0x00000007d0000000, 0x00000007d2b3dbc8, 0x00000007d2b3dc00, 0x00000007d30d0000)
 compacting perm gen  total 37568K, used 37397K [0x00000007f0000000, 0x00000007f24b0000, 0x0000000800000000)
   the space 37568K,  99% used [0x00000007f0000000, 0x00000007f2485640, 0x00000007f2485800, 0x00000007f24b0000)
No shared spaces configured.
}
Event: 12.607 GC heap before
{Heap before GC invocations=172 (full 2):
 def new generation   total 22528K, used 21535K [0x00000007c0000000, 0x00000007c1870000, 0x00000007d0000000)
  eden space 20032K, 100% used [0x00000007c0000000, 0x00000007c1390000, 0x00000007c1390000)
  from space 2496K,  60% used [0x00000007c1600000, 0x00000007c1777ce8, 0x00000007c1870000)
  to   space 2496K,   0% used [0x00000007c1390000, 0x00000007c1390000, 0x00000007c1600000)
 tenured generation   total 49984K, used 44278K [0x00000007d0000000, 0x00000007d30d0000, 0x00000007f0000000)
   the space 49984K,  88% used [0x00000007d0000000, 0x00000007d2b3dbc8, 0x00000007d2b3dc00, 0x00000007d30d0000)
 compacting perm gen  total 37568K, used 37460K [0x00000007f0000000, 0x00000007f24b0000, 0x0000000800000000)
   the space 37568K,  99% used [0x00000007f0000000, 0x00000007f2495278, 0x00000007f2495400, 0x00000007f24b0000)
No shared spaces configured.
Event: 12.613 GC heap after
Heap after GC invocations=173 (full 2):
 def new generation   total 22528K, used 751K [0x00000007c0000000, 0x00000007c1870000, 0x00000007d0000000)
  eden space 20032K,   0% used [0x00000007c0000000, 0x00000007c0000000, 0x00000007c1390000)
  from space 2496K,  30% used [0x00000007c1390000, 0x00000007c144be78, 0x00000007c1600000)
  to   space 2496K,   0% used [0x00000007c1600000, 0x00000007c1600000, 0x00000007c1870000)
 tenured generation   total 49984K, used 45225K [0x00000007d0000000, 0x00000007d30d0000, 0x00000007f0000000)
   the space 49984K,  90% used [0x00000007d0000000, 0x00000007d2c2a6a8, 0x00000007d2c2a800, 0x00000007d30d0000)
 compacting perm gen  total 37568K, used 37460K [0x00000007f0000000, 0x00000007f24b0000, 0x0000000800000000)
   the space 37568K,  99% used [0x00000007f0000000, 0x00000007f2495278, 0x00000007f2495400, 0x00000007f24b0000)
No shared spaces configured.
}
Event: 12.702 GC heap before
{Heap before GC invocations=173 (full 2):
 def new generation   total 22528K, used 19020K [0x00000007c0000000, 0x00000007c1870000, 0x00000007d0000000)
  eden space 20032K,  91% used [0x00000007c0000000, 0x00000007c11d71c8, 0x00000007c1390000)
  from space 2496K,  30% used [0x00000007c1390000, 0x00000007c144be78, 0x00000007c1600000)
  to   space 2496K,   0% used [0x00000007c1600000, 0x00000007c1600000, 0x00000007c1870000)
 tenured generation   total 49984K, used 45225K [0x00000007d0000000, 0x00000007d30d0000, 0x00000007f0000000)
   the space 49984K,  90% used [0x00000007d0000000, 0x00000007d2c2a6a8, 0x00000007d2c2a800, 0x00000007d30d0000)
 compacting perm gen  total 37568K, used 37567K [0x00000007f0000000, 0x00000007f24b0000, 0x0000000800000000)
   the space 37568K,  99% used [0x00000007f0000000, 0x00000007f24affd8, 0x00000007f24b0000, 0x00000007f24b0000)
No shared spaces configured.

Deoptimization events (10 events):
Event: 11.552 Thread 0x00007f8f5f332000 Uncommon trap -12 fr.pc 0x0000000108ded8a8
Event: 11.553 Thread 0x00007f8f5f332000 Uncommon trap -58 fr.pc 0x0000000108b31528
Event: 11.556 Thread 0x00007f8f5f332000 Uncommon trap -58 fr.pc 0x0000000108bfc9cc
Event: 11.556 Thread 0x00007f8f5f332000 Uncommon trap -58 fr.pc 0x0000000108bfc9cc
Event: 11.658 Thread 0x00007f8f5f332000 Uncommon trap -83 fr.pc 0x0000000108d3fa8c
Event: 11.844 Thread 0x00007f8f5f332000 Uncommon trap -34 fr.pc 0x0000000108d77a90
Event: 11.875 Thread 0x00007f8f5f332000 Uncommon trap -58 fr.pc 0x0000000108d36cbc
Event: 11.884 Thread 0x00007f8f5f332000 Uncommon trap -12 fr.pc 0x0000000108e0b2a4
Event: 11.884 Thread 0x00007f8f5f332000 Uncommon trap -34 fr.pc 0x0000000108d77a90
Event: 12.632 Thread 0x00007f8f5f332000 Uncommon trap -12 fr.pc 0x0000000108e5f4b0

Internal exceptions (10 events):
Event: 12.687 Thread 0x00007f8f5f332000 Threw 0x00000007c1146ab0 at /HUDSON/workspace/jdk7u17-2-build-macosx-amd64-product/jdk7u17/hotspot/src/share/vm/prims/jvm.cpp:1166
Event: 12.687 Thread 0x00007f8f5f332000 Threw 0x00000007c1149bd8 at /HUDSON/workspace/jdk7u17-2-build-macosx-amd64-product/jdk7u17/hotspot/src/share/vm/prims/jvm.cpp:1166
Event: 12.687 Thread 0x00007f8f5f332000 Threw 0x00000007c1150a00 at /HUDSON/workspace/jdk7u17-2-build-macosx-amd64-product/jdk7u17/hotspot/src/share/vm/prims/jvm.cpp:1166
Event: 12.687 Thread 0x00007f8f5f332000 Threw 0x00000007c1153fb8 at /HUDSON/workspace/jdk7u17-2-build-macosx-amd64-product/jdk7u17/hotspot/src/share/vm/prims/jvm.cpp:1166
Event: 12.688 Thread 0x00007f8f5f332000 Threw 0x00000007c1165230 at /HUDSON/workspace/jdk7u17-2-build-macosx-amd64-product/jdk7u17/hotspot/src/share/vm/prims/jvm.cpp:1166
Event: 12.688 Thread 0x00007f8f5f332000 Threw 0x00000007c1169fa8 at /HUDSON/workspace/jdk7u17-2-build-macosx-amd64-product/jdk7u17/hotspot/src/share/vm/prims/jvm.cpp:1166
Event: 12.688 Thread 0x00007f8f5f332000 Threw 0x00000007c1170a70 at /HUDSON/workspace/jdk7u17-2-build-macosx-amd64-product/jdk7u17/hotspot/src/share/vm/prims/jvm.cpp:1166
Event: 12.688 Thread 0x00007f8f5f332000 Threw 0x00000007c1173de0 at /HUDSON/workspace/jdk7u17-2-build-macosx-amd64-product/jdk7u17/hotspot/src/share/vm/prims/jvm.cpp:1166
Event: 12.701 Thread 0x00007f8f5f332000 Threw 0x00000007c119aee8 at /HUDSON/workspace/jdk7u17-2-build-macosx-amd64-product/jdk7u17/hotspot/src/share/vm/prims/jvm.cpp:1166
Event: 12.701 Thread 0x00007f8f5f332000 Threw 0x00000007c119e328 at /HUDSON/workspace/jdk7u17-2-build-macosx-amd64-product/jdk7u17/hotspot/src/share/vm/prims/jvm.cpp:1166

Events (10 events):
Event: 12.686 loading class 0x00007f8f630e4490 done
Event: 12.687 loading class 0x00007f8f63331b00
Event: 12.687 loading class 0x00007f8f63331b00 done
Event: 12.687 loading class 0x00007f8f633322d0
Event: 12.687 loading class 0x00007f8f633322d0 done
Event: 12.688 loading class 0x00007f8f63331640
Event: 12.688 loading class 0x00007f8f63331640 done
Event: 12.701 loading class 0x00007f8f63244650
Event: 12.701 loading class 0x00007f8f63244650 done
Event: 12.702 Executing VM operation: GenCollectForPermanentAllocation


Dynamic libraries:
0x0000000009e56000 	/System/Library/Frameworks/Cocoa.framework/Versions/A/Cocoa
0x0000000009e56000 	/System/Library/Frameworks/Security.framework/Versions/A/Security
0x0000000009e56000 	/System/Library/Frameworks/ApplicationServices.framework/Versions/A/ApplicationServices
0x0000000009e56000 	/usr/lib/libz.1.dylib
0x0000000009e56000 	/usr/lib/libSystem.B.dylib
0x0000000009e56000 	/usr/lib/libobjc.A.dylib
0x0000000009e56000 	/System/Library/Frameworks/CoreFoundation.framework/Versions/A/CoreFoundation
0x0000000009e56000 	/System/Library/Frameworks/AppKit.framework/Versions/C/AppKit
0x0000000009e56000 	/System/Library/Frameworks/CoreData.framework/Versions/A/CoreData
0x0000000009e56000 	/System/Library/Frameworks/Foundation.framework/Versions/C/Foundation
0x0000000009e56000 	/System/Library/PrivateFrameworks/RemoteViewServices.framework/Versions/A/RemoteViewServices
0x0000000009e56000 	/System/Library/Frameworks/AudioToolbox.framework/Versions/A/AudioToolbox
0x0000000009e56000 	/System/Library/Frameworks/AudioUnit.framework/Versions/A/AudioUnit
0x0000000009e56000 	/System/Library/PrivateFrameworks/DataDetectorsCore.framework/Versions/A/DataDetectorsCore
0x0000000009e56000 	/System/Library/PrivateFrameworks/DesktopServicesPriv.framework/Versions/A/DesktopServicesPriv
0x0000000009e56000 	/System/Library/Frameworks/Carbon.framework/Versions/A/Frameworks/HIToolbox.framework/Versions/A/HIToolbox
0x0000000009e56000 	/System/Library/Frameworks/QuartzCore.framework/Versions/A/QuartzCore
0x0000000009e56000 	/System/Library/Frameworks/Carbon.framework/Versions/A/Frameworks/SpeechRecognition.framework/Versions/A/SpeechRecognition
0x0000000009e56000 	/usr/lib/libauto.dylib
0x0000000009e56000 	/usr/lib/libicucore.A.dylib
0x0000000009e56000 	/usr/lib/libxml2.2.dylib
0x0000000009e56000 	/System/Library/PrivateFrameworks/CoreUI.framework/Versions/A/CoreUI
0x0000000009e56000 	/System/Library/Frameworks/CoreAudio.framework/Versions/A/CoreAudio
0x0000000009e56000 	/System/Library/Frameworks/DiskArbitration.framework/Versions/A/DiskArbitration
0x0000000009e56000 	/usr/lib/liblangid.dylib
0x0000000009e56000 	/System/Library/PrivateFrameworks/MultitouchSupport.framework/Versions/A/MultitouchSupport
0x0000000009e56000 	/System/Library/Frameworks/IOKit.framework/Versions/A/IOKit
0x0000000009e56000 	/usr/lib/libDiagnosticMessagesClient.dylib
0x0000000009e56000 	/System/Library/Frameworks/CoreServices.framework/Versions/A/CoreServices
0x0000000009e56000 	/System/Library/PrivateFrameworks/PerformanceAnalysis.framework/Versions/A/PerformanceAnalysis
0x0000000009e56000 	/System/Library/PrivateFrameworks/GenerationalStorage.framework/Versions/A/GenerationalStorage
0x0000000009e56000 	/System/Library/Frameworks/OpenGL.framework/Versions/A/OpenGL
0x0000000009e56000 	/System/Library/PrivateFrameworks/Sharing.framework/Versions/A/Sharing
0x0000000009e56000 	/System/Library/Frameworks/ImageIO.framework/Versions/A/ImageIO
0x0000000009e56000 	/System/Library/Frameworks/CoreText.framework/Versions/A/CoreText
0x0000000009e56000 	/System/Library/Frameworks/CoreGraphics.framework/Versions/A/CoreGraphics
0x0000000009e56000 	/System/Library/PrivateFrameworks/Backup.framework/Versions/A/Backup
0x0000000009e56000 	/System/Library/Frameworks/CFNetwork.framework/Versions/A/CFNetwork
0x0000000009e56000 	/System/Library/Frameworks/SystemConfiguration.framework/Versions/A/SystemConfiguration
0x0000000009e56000 	/usr/lib/libCRFSuite.dylib
0x0000000009e56000 	/usr/lib/libc++.1.dylib
0x0000000009e56000 	/usr/lib/libc++abi.dylib
0x0000000009e56000 	/usr/lib/system/libcache.dylib
0x0000000009e56000 	/usr/lib/system/libcommonCrypto.dylib
0x0000000009e56000 	/usr/lib/system/libcompiler_rt.dylib
0x0000000009e56000 	/usr/lib/system/libcopyfile.dylib
0x0000000009e56000 	/usr/lib/system/libcorecrypto.dylib
0x0000000009e56000 	/usr/lib/system/libdispatch.dylib
0x0000000009e56000 	/usr/lib/system/libdyld.dylib
0x0000000009e56000 	/usr/lib/system/libkeymgr.dylib
0x0000000009e56000 	/usr/lib/system/liblaunch.dylib
0x0000000009e56000 	/usr/lib/system/libmacho.dylib
0x0000000009e56000 	/usr/lib/system/libquarantine.dylib
0x0000000009e56000 	/usr/lib/system/libremovefile.dylib
0x0000000009e56000 	/usr/lib/system/libsystem_asl.dylib
0x0000000009e56000 	/usr/lib/system/libsystem_blocks.dylib
0x0000000009e56000 	/usr/lib/system/libsystem_c.dylib
0x0000000009e56000 	/usr/lib/system/libsystem_configuration.dylib
0x0000000009e56000 	/usr/lib/system/libsystem_dnssd.dylib
0x0000000009e56000 	/usr/lib/system/libsystem_info.dylib
0x0000000009e56000 	/usr/lib/system/libsystem_kernel.dylib
0x0000000009e56000 	/usr/lib/system/libsystem_m.dylib
0x0000000009e56000 	/usr/lib/system/libsystem_malloc.dylib
0x0000000009e56000 	/usr/lib/system/libsystem_network.dylib
0x0000000009e56000 	/usr/lib/system/libsystem_notify.dylib
0x0000000009e56000 	/usr/lib/system/libsystem_platform.dylib
0x0000000009e56000 	/usr/lib/system/libsystem_pthread.dylib
0x0000000009e56000 	/usr/lib/system/libsystem_sandbox.dylib
0x0000000009e56000 	/usr/lib/system/libsystem_stats.dylib
0x0000000009e56000 	/usr/lib/system/libunc.dylib
0x0000000009e56000 	/usr/lib/system/libunwind.dylib
0x0000000009e56000 	/usr/lib/system/libxpc.dylib
0x0000000009e56000 	/usr/lib/libbsm.0.dylib
0x0000000009e56000 	/usr/lib/libsqlite3.dylib
0x0000000009e56000 	/usr/lib/libxar.1.dylib
0x0000000009e56000 	/usr/lib/libpam.2.dylib
0x0000000009e56000 	/usr/lib/libOpenScriptingUtil.dylib
0x0000000009e56000 	/usr/lib/libbz2.1.0.dylib
0x0000000009e56000 	/System/Library/Frameworks/CoreServices.framework/Versions/A/Frameworks/CarbonCore.framework/Versions/A/CarbonCore
0x0000000009e56000 	/System/Library/Frameworks/CoreServices.framework/Versions/A/Frameworks/Metadata.framework/Versions/A/Metadata
0x0000000009e56000 	/System/Library/Frameworks/CoreServices.framework/Versions/A/Frameworks/OSServices.framework/Versions/A/OSServices
0x0000000009e56000 	/System/Library/Frameworks/CoreServices.framework/Versions/A/Frameworks/SearchKit.framework/Versions/A/SearchKit
0x0000000009e56000 	/System/Library/Frameworks/CoreServices.framework/Versions/A/Frameworks/AE.framework/Versions/A/AE
0x0000000009e56000 	/System/Library/Frameworks/CoreServices.framework/Versions/A/Frameworks/LaunchServices.framework/Versions/A/LaunchServices
0x0000000009e56000 	/System/Library/Frameworks/CoreServices.framework/Versions/A/Frameworks/DictionaryServices.framework/Versions/A/DictionaryServices
0x0000000009e56000 	/System/Library/Frameworks/NetFS.framework/Versions/A/NetFS
0x0000000009e56000 	/usr/lib/system/libkxld.dylib
0x0000000009e56000 	/System/Library/PrivateFrameworks/NetAuth.framework/Versions/A/NetAuth
0x0000000009e56000 	/System/Library/PrivateFrameworks/TCC.framework/Versions/A/TCC
0x0000000009e56000 	/System/Library/Frameworks/OpenDirectory.framework/Versions/A/Frameworks/CFOpenDirectory.framework/Versions/A/CFOpenDirectory
0x0000000009e56000 	/System/Library/Frameworks/ServiceManagement.framework/Versions/A/ServiceManagement
0x0000000009e56000 	/usr/lib/libxslt.1.dylib
0x0000000009e56000 	/System/Library/Frameworks/Carbon.framework/Versions/A/Frameworks/Ink.framework/Versions/A/Ink
0x0000000009e56000 	/System/Library/Frameworks/ApplicationServices.framework/Versions/A/Frameworks/ATS.framework/Versions/A/ATS
0x0000000009e56000 	/System/Library/Frameworks/ApplicationServices.framework/Versions/A/Frameworks/ColorSync.framework/Versions/A/ColorSync
0x0000000009e56000 	/System/Library/Frameworks/ApplicationServices.framework/Versions/A/Frameworks/HIServices.framework/Versions/A/HIServices
0x0000000009e56000 	/System/Library/Frameworks/ApplicationServices.framework/Versions/A/Frameworks/LangAnalysis.framework/Versions/A/LangAnalysis
0x0000000009e56000 	/System/Library/Frameworks/ApplicationServices.framework/Versions/A/Frameworks/PrintCore.framework/Versions/A/PrintCore
0x0000000009e56000 	/System/Library/Frameworks/ApplicationServices.framework/Versions/A/Frameworks/QD.framework/Versions/A/QD
0x0000000009e56000 	/System/Library/Frameworks/ApplicationServices.framework/Versions/A/Frameworks/SpeechSynthesis.framework/Versions/A/SpeechSynthesis
0x0000000009e56000 	/System/Library/Frameworks/IOSurface.framework/Versions/A/IOSurface
0x0000000009e56000 	/System/Library/Frameworks/Accelerate.framework/Versions/A/Accelerate
0x0000000009e56000 	/System/Library/Frameworks/Accelerate.framework/Versions/A/Frameworks/vImage.framework/Versions/A/vImage
0x0000000009e56000 	/System/Library/Frameworks/Accelerate.framework/Versions/A/Frameworks/vecLib.framework/Versions/A/vecLib
0x0000000009e56000 	/System/Library/Frameworks/Accelerate.framework/Versions/A/Frameworks/vecLib.framework/Versions/A/libvDSP.dylib
0x0000000009e56000 	/System/Library/Frameworks/Accelerate.framework/Versions/A/Frameworks/vecLib.framework/Versions/A/libvMisc.dylib
0x0000000009e56000 	/System/Library/Frameworks/Accelerate.framework/Versions/A/Frameworks/vecLib.framework/Versions/A/libLAPACK.dylib
0x0000000009e56000 	/System/Library/Frameworks/Accelerate.framework/Versions/A/Frameworks/vecLib.framework/Versions/A/libBLAS.dylib
0x0000000009e56000 	/System/Library/Frameworks/ApplicationServices.framework/Versions/A/Frameworks/ATS.framework/Versions/A/Resources/libFontParser.dylib
0x0000000009e56000 	/System/Library/Frameworks/ApplicationServices.framework/Versions/A/Frameworks/ATS.framework/Versions/A/Resources/libFontRegistry.dylib
0x0000000009e56000 	/System/Library/Frameworks/ImageIO.framework/Versions/A/Resources/libJPEG.dylib
0x0000000009e56000 	/System/Library/Frameworks/ImageIO.framework/Versions/A/Resources/libTIFF.dylib
0x0000000009e56000 	/System/Library/Frameworks/ImageIO.framework/Versions/A/Resources/libPng.dylib
0x0000000009e56000 	/System/Library/Frameworks/ImageIO.framework/Versions/A/Resources/libGIF.dylib
0x0000000009e56000 	/System/Library/Frameworks/ImageIO.framework/Versions/A/Resources/libJP2.dylib
0x0000000009e56000 	/System/Library/Frameworks/ImageIO.framework/Versions/A/Resources/libRadiance.dylib
0x0000000009e56000 	/usr/lib/libcups.2.dylib
0x0000000009e56000 	/System/Library/Frameworks/Kerberos.framework/Versions/A/Kerberos
0x0000000009e56000 	/System/Library/Frameworks/GSS.framework/Versions/A/GSS
0x0000000009e56000 	/usr/lib/libresolv.9.dylib
0x0000000009e56000 	/usr/lib/libiconv.2.dylib
0x0000000009e56000 	/System/Library/PrivateFrameworks/Heimdal.framework/Versions/A/Heimdal
0x0000000009e56000 	/System/Library/PrivateFrameworks/TrustEvaluationAgent.framework/Versions/A/TrustEvaluationAgent
0x0000000009e56000 	/usr/lib/libheimdal-asn1.dylib
0x0000000009e56000 	/System/Library/Frameworks/OpenDirectory.framework/Versions/A/OpenDirectory
0x0000000009e56000 	/System/Library/PrivateFrameworks/CommonAuth.framework/Versions/A/CommonAuth
0x0000000009e56000 	/System/Library/Frameworks/SecurityFoundation.framework/Versions/A/SecurityFoundation
0x0000000009e56000 	/System/Library/PrivateFrameworks/Bom.framework/Versions/A/Bom
0x0000000009e56000 	/System/Library/Frameworks/CoreVideo.framework/Versions/A/CoreVideo
0x0000000009e56000 	/System/Library/Frameworks/QuartzCore.framework/Versions/A/Frameworks/CoreImage.framework/Versions/A/CoreImage
0x0000000009e56000 	/System/Library/Frameworks/QuartzCore.framework/Versions/A/Frameworks/ScalableUserInterface.framework/Versions/A/ScalableUserInterface
0x0000000009e56000 	/System/Library/Frameworks/OpenGL.framework/Versions/A/Libraries/libGLU.dylib
0x0000000009e56000 	/System/Library/Frameworks/OpenGL.framework/Versions/A/Libraries/libGFXShared.dylib
0x0000000009e56000 	/System/Library/Frameworks/OpenGL.framework/Versions/A/Libraries/libGL.dylib
0x0000000009e56000 	/System/Library/Frameworks/OpenGL.framework/Versions/A/Libraries/libGLImage.dylib
0x0000000009e56000 	/System/Library/Frameworks/OpenGL.framework/Versions/A/Libraries/libCVMSPluginSupport.dylib
0x0000000009e56000 	/System/Library/Frameworks/OpenGL.framework/Versions/A/Libraries/libCoreVMClient.dylib
0x0000000009e56000 	/System/Library/PrivateFrameworks/FaceCore.framework/Versions/A/FaceCore
0x0000000009e56000 	/System/Library/PrivateFrameworks/CrashReporterSupport.framework/Versions/A/CrashReporterSupport
0x0000000009e56000 	/System/Library/Frameworks/OpenCL.framework/Versions/A/OpenCL
0x0000000009e56000 	/System/Library/PrivateFrameworks/AppleFSCompression.framework/Versions/A/AppleFSCompression
0x0000000009e56000 	/System/Library/PrivateFrameworks/Ubiquity.framework/Versions/A/Ubiquity
0x0000000009e56000 	/System/Library/PrivateFrameworks/IconServices.framework/Versions/A/IconServices
0x0000000009e56000 	/System/Library/PrivateFrameworks/ChunkingLibrary.framework/Versions/A/ChunkingLibrary
0x0000000009e56000 	/System/Library/PrivateFrameworks/CoreSymbolication.framework/Versions/A/CoreSymbolication
0x0000000009e56000 	/System/Library/PrivateFrameworks/Symbolication.framework/Versions/A/Symbolication
0x0000000009e56000 	/System/Library/PrivateFrameworks/DebugSymbols.framework/Versions/A/DebugSymbols
0x000000010753f000 	/System/Library/CoreServices/Encodings/libSimplifiedChineseConverter.dylib
0x0000000107605000 	/Library/Java/JavaVirtualMachines/jdk1.7.0_17.jdk/Contents/Home/jre/lib/server/libjvm.dylib
0x0000000009e56000 	/usr/lib/libstdc++.6.dylib
0x00000001081c5000 	/Library/Java/JavaVirtualMachines/jdk1.7.0_17.jdk/Contents/Home/jre/lib/libverify.dylib
0x0000000108a00000 	/Library/Java/JavaVirtualMachines/jdk1.7.0_17.jdk/Contents/Home/jre/lib/libjava.dylib
0x00000001081d3000 	/Library/Java/JavaVirtualMachines/jdk1.7.0_17.jdk/Contents/Home/jre/lib/libinstrument.dylib
0x0000000108a61000 	/Library/Java/JavaVirtualMachines/jdk1.7.0_17.jdk/Contents/Home/jre/lib/libzip.dylib
0x000000010c40f000 	/System/Library/Frameworks/JavaVM.framework/Frameworks/JavaRuntimeSupport.framework/JavaRuntimeSupport
0x000000010c427000 	/System/Library/Frameworks/JavaVM.framework/Versions/A/Frameworks/JavaNativeFoundation.framework/Versions/A/JavaNativeFoundation
0x000000010c43c000 	/System/Library/Frameworks/JavaVM.framework/Versions/A/JavaVM
0x0000000009e56000 	/System/Library/Frameworks/Carbon.framework/Versions/A/Carbon
0x000000010c449000 	/System/Library/PrivateFrameworks/JavaLaunching.framework/Versions/A/JavaLaunching
0x0000000009e56000 	/System/Library/Frameworks/Carbon.framework/Versions/A/Frameworks/CommonPanels.framework/Versions/A/CommonPanels
0x0000000009e56000 	/System/Library/Frameworks/Carbon.framework/Versions/A/Frameworks/Help.framework/Versions/A/Help
0x0000000009e56000 	/System/Library/Frameworks/Carbon.framework/Versions/A/Frameworks/ImageCapture.framework/Versions/A/ImageCapture
0x0000000009e56000 	/System/Library/Frameworks/Carbon.framework/Versions/A/Frameworks/OpenScripting.framework/Versions/A/OpenScripting
0x0000000009e56000 	/System/Library/Frameworks/Carbon.framework/Versions/A/Frameworks/Print.framework/Versions/A/Print
0x0000000009e56000 	/System/Library/Frameworks/Carbon.framework/Versions/A/Frameworks/SecurityHI.framework/Versions/A/SecurityHI
0x000000010cdd0000 	/private/var/folders/kj/j5rydd6x05zfqh54gdnmsqmc0000gn/T/libjansi-64-6008012214263433580.jnilib
0x000000010cd12000 	/Library/Java/JavaVirtualMachines/jdk1.7.0_17.jdk/Contents/Home/jre/lib/libnio.dylib
0x000000010d2f3000 	/Library/Java/JavaVirtualMachines/jdk1.7.0_17.jdk/Contents/Home/jre/lib/./libnet.dylib
0x000000010cc47000 	/Library/Java/JavaVirtualMachines/jdk1.7.0_17.jdk/Contents/Home/jre/lib/libmanagement.dylib

VM Arguments:
jvm_args: -Dfile.encoding=UTF-8 -Xmx768M -Xms64M -XX:MaxPermSize=256m -Dgrails.fork.active=true -Dgrails.build.execution.context=/private/var/folders/kj/j5rydd6x05zfqh54gdnmsqmc0000gn/T/Mindhub1655417079508112399grails-execution-context -Dgrails.home=/Users/wangshudao/Developer/grails-2.3.4 -javaagent:/Users/wangshudao/Developer/grails-2.3.4/lib/org.springsource.springloaded/springloaded-core/jars/springloaded-core-1.1.4.jar -Xverify:none -Dspringloaded.synchronize=true -Djdk.reflect.allowGetCallerClass=true -Dspringloaded=profile=grails;cacheDir=/Users/wangshudao/.grails/2.3.4 
java_command: org.grails.plugins.tomcat.fork.ForkedTomcatServer
Launcher Type: SUN_STANDARD

Environment Variables:
JAVA_HOME=/Library/Java/JavaVirtualMachines/jdk1.7.0_17.jdk/Contents/Home
PATH=/usr/bin:/bin:/usr/sbin:/sbin
SHELL=/bin/bash

Signal Handlers:
SIGSEGV: [libjvm.dylib+0x4a361d], sa_mask[0]=0xfffefeff, sa_flags=0x00000042
SIGBUS: [libjvm.dylib+0x4a361d], sa_mask[0]=0xfffefeff, sa_flags=0x00000042
SIGFPE: [libjvm.dylib+0x3b302d], sa_mask[0]=0xfffefeff, sa_flags=0x00000042
SIGPIPE: [libjvm.dylib+0x3b302d], sa_mask[0]=0xfffefeff, sa_flags=0x00000042
SIGXFSZ: [libjvm.dylib+0x3b302d], sa_mask[0]=0xfffefeff, sa_flags=0x00000042
SIGILL: [libjvm.dylib+0x3b302d], sa_mask[0]=0xfffefeff, sa_flags=0x00000042
SIGUSR1: SIG_DFL, sa_mask[0]=0x00000000, sa_flags=0x00000002
SIGUSR2: [libjvm.dylib+0x3b2bc6], sa_mask[0]=0x00000004, sa_flags=0x00000042
SIGHUP: [libjvm.dylib+0x3b0e27], sa_mask[0]=0xfffefeff, sa_flags=0x00000042
SIGINT: [libjvm.dylib+0x3b0e27], sa_mask[0]=0xfffefeff, sa_flags=0x00000042
SIGTERM: [libjvm.dylib+0x3b0e27], sa_mask[0]=0xfffefeff, sa_flags=0x00000042
SIGQUIT: [libjvm.dylib+0x3b0e27], sa_mask[0]=0xfffefeff, sa_flags=0x00000042


---------------  S Y S T E M  ---------------

OS:Bsduname:Darwin 13.0.0 Darwin Kernel Version 13.0.0: Thu Sep 19 22:22:27 PDT 2013; root:xnu-2422.1.72~6/RELEASE_X86_64 x86_64
rlimit: STACK 8192k, CORE 0k, NPROC 709, NOFILE 10240, AS infinity
load average:1.64 1.34 1.24

CPU:total 4 (2 cores per cpu, 2 threads per core) family 6 model 58 stepping 9, cmov, cx8, fxsr, mmx, sse, sse2, sse3, ssse3, sse4.1, sse4.2, popcnt, avx, ht, tsc, tscinvbit, tscinv

Memory: 4k page, physical 1295776k(323944k free)

/proc/meminfo:


vm_info: Java HotSpot(TM) 64-Bit Server VM (23.7-b01) for bsd-amd64 JRE (1.7.0_17-b02), built on Mar  1 2013 06:41:23 by "java_re" with gcc 4.2.1 (Based on Apple Inc. build 5658) (LLVM build 2336.11.00)

time: Sat Jan 11 13:51:44 2014
elapsed time: 12 seconds

